<?xml version="1.0" encoding="UTF-8"?>
<coverage generated="1573238950602" clover="3.2.0">
  <project timestamp="1573238950602" name="All files">
    <metrics statements="8" coveredstatements="8" conditionals="5" coveredconditionals="4" methods="5" coveredmethods="5" elements="18" coveredelements="17" complexity="0" loc="8" ncloc="8" packages="3" files="4" classes="4"/>
    <package name="components">
      <metrics statements="2" coveredstatements="2" conditionals="0" coveredconditionals="0" methods="2" coveredmethods="2"/>
      <file name="Button.js" path="C:\Juanse\proyectos\vanillajs\arquitectura-tdd\src\components\Button.js">
        <metrics statements="1" coveredstatements="1" conditionals="0" coveredconditionals="0" methods="1" coveredmethods="1"/>
        <line num="3" count="1" type="stmt"/>
      </file>
      <file name="SignInButton.js" path="C:\Juanse\proyectos\vanillajs\arquitectura-tdd\src\components\SignInButton.js">
        <metrics statements="1" coveredstatements="1" conditionals="0" coveredconditionals="0" methods="1" coveredmethods="1"/>
        <line num="3" count="1" type="stmt"/>
      </file>
    </package>
    <package name="lib">
      <metrics statements="5" coveredstatements="5" conditionals="5" coveredconditionals="4" methods="2" coveredmethods="2"/>
      <file name="createElement.js" path="C:\Juanse\proyectos\vanillajs\arquitectura-tdd\src\lib\createElement.js">
        <metrics statements="5" coveredstatements="5" conditionals="5" coveredconditionals="4" methods="2" coveredmethods="2"/>
        <line num="2" count="2" type="stmt"/>
        <line num="3" count="2" type="stmt"/>
        <line num="8" count="2" type="cond" truecount="4" falsecount="0"/>
        <line num="9" count="1" type="stmt"/>
        <line num="12" count="2" type="stmt"/>
      </file>
    </package>
    <package name="pages">
      <metrics statements="1" coveredstatements="1" conditionals="0" coveredconditionals="0" methods="1" coveredmethods="1"/>
      <file name="SignIn.js" path="C:\Juanse\proyectos\vanillajs\arquitectura-tdd\src\pages\SignIn.js">
        <metrics statements="1" coveredstatements="1" conditionals="0" coveredconditionals="0" methods="1" coveredmethods="1"/>
        <line num="4" count="1" type="stmt"/>
      </file>
    </package>
  </project>
</coverage>
