{"C:\\Juanse\\proyectos\\vanillajs\\arquitectura-tdd\\src\\components\\Button.js": {"path":"C:\\Juanse\\proyectos\\vanillajs\\arquitectura-tdd\\src\\components\\Button.js","statementMap":{"0":{"start":{"line":3,"column":24},"end":{"line":5,"column":2}}},"fnMap":{"0":{"name":"(anonymous_0)","decl":{"start":{"line":3,"column":15},"end":{"line":3,"column":16}},"loc":{"start":{"line":3,"column":24},"end":{"line":5,"column":2}},"line":3}},"branchMap":{},"s":{"0":1},"f":{"0":1},"b":{},"_coverageSchema":"43e27e138ebf9cfc5966b082cf9a028302ed4184","hash":"fe1857d274f06d2bb98e5a9a1a8b108abaa6279f"}
,"C:\\Juanse\\proyectos\\vanillajs\\arquitectura-tdd\\src\\components\\SignInButton.js": {"path":"C:\\Juanse\\proyectos\\vanillajs\\arquitectura-tdd\\src\\components\\SignInButton.js","statementMap":{"0":{"start":{"line":3,"column":21},"end":{"line":3,"column":48}}},"fnMap":{"0":{"name":"(anonymous_0)","decl":{"start":{"line":3,"column":15},"end":{"line":3,"column":16}},"loc":{"start":{"line":3,"column":21},"end":{"line":3,"column":48}},"line":3}},"branchMap":{},"s":{"0":1},"f":{"0":1},"b":{},"_coverageSchema":"43e27e138ebf9cfc5966b082cf9a028302ed4184","hash":"0f0895e53127fd438da91d39c08513290ca3b66f"}
,"C:\\Juanse\\proyectos\\vanillajs\\arquitectura-tdd\\src\\lib\\createElement.js": {"path":"C:\\Juanse\\proyectos\\vanillajs\\arquitectura-tdd\\src\\lib\\createElement.js","statementMap":{"0":{"start":{"line":2,"column":34},"end":{"line":2,"column":41}},"1":{"start":{"line":3,"column":20},"end":{"line":6,"column":5}},"2":{"start":{"line":8,"column":4},"end":{"line":10,"column":5}},"3":{"start":{"line":9,"column":8},"end":{"line":9,"column":81}},"4":{"start":{"line":9,"column":32},"end":{"line":9,"column":36}},"5":{"start":{"line":12,"column":4},"end":{"line":12,"column":19}}},"fnMap":{"0":{"name":"(anonymous_0)","decl":{"start":{"line":1,"column":15},"end":{"line":1,"column":16}},"loc":{"start":{"line":1,"column":42},"end":{"line":13,"column":1}},"line":1},"1":{"name":"(anonymous_1)","decl":{"start":{"line":9,"column":24},"end":{"line":9,"column":25}},"loc":{"start":{"line":9,"column":32},"end":{"line":9,"column":36}},"line":9}},"branchMap":{"0":{"loc":{"start":{"line":1,"column":25},"end":{"line":1,"column":37}},"type":"default-arg","locations":[{"start":{"line":1,"column":35},"end":{"line":1,"column":37}}],"line":1},"1":{"loc":{"start":{"line":8,"column":4},"end":{"line":10,"column":5}},"type":"if","locations":[{"start":{"line":8,"column":4},"end":{"line":10,"column":5}},{"start":{"line":8,"column":4},"end":{"line":10,"column":5}}],"line":8},"2":{"loc":{"start":{"line":8,"column":8},"end":{"line":8,"column":58}},"type":"binary-expr","locations":[{"start":{"line":8,"column":8},"end":{"line":8,"column":16}},{"start":{"line":8,"column":20},"end":{"line":8,"column":58}}],"line":8}},"s":{"0":2,"1":2,"2":2,"3":1,"4":1,"5":2},"f":{"0":2,"1":1},"b":{"0":[0],"1":[1,1],"2":[2,1]},"_coverageSchema":"43e27e138ebf9cfc5966b082cf9a028302ed4184","hash":"5117be849d8edbaa5f47e5421acff5a7b465b543"}
,"C:\\Juanse\\proyectos\\vanillajs\\arquitectura-tdd\\src\\pages\\SignIn.js": {"path":"C:\\Juanse\\proyectos\\vanillajs\\arquitectura-tdd\\src\\pages\\SignIn.js","statementMap":{"0":{"start":{"line":4,"column":21},"end":{"line":7,"column":2}}},"fnMap":{"0":{"name":"(anonymous_0)","decl":{"start":{"line":4,"column":15},"end":{"line":4,"column":16}},"loc":{"start":{"line":4,"column":21},"end":{"line":7,"column":2}},"line":4}},"branchMap":{},"s":{"0":1},"f":{"0":1},"b":{},"_coverageSchema":"43e27e138ebf9cfc5966b082cf9a028302ed4184","hash":"9dad42d12961df2c6eb414920ffea17bc26561c3"}
}
